[ ERROR ] Error in file 'C:\Users\palak\Downloads\coe-application-security\Resources\API.robot' on line 3: Importing test library 'JSpringBotGlobal' failed: ModuleNotFoundError: No module named 'JSpringBotGlobal'
Traceback (most recent call last):
  None
PYTHONPATH:
  C:\Python36\Scripts\robot.exe
  c:\python36\python36.zip
  c:\python36\DLLs
  c:\python36\lib
  c:\python36
  c:\python36\lib\site-packages
  File "c:\python36\lib\runpy.py", line 193, in _run_module_as_main
    "__main__", mod_spec)
  File "c:\python36\lib\runpy.py", line 85, in _run_code
    exec(code, run_globals)
  File "C:\Python36\Scripts\robot.exe\__main__.py", line 7, in <module>
    sys.exit(run_cli())
  File "c:\python36\lib\site-packages\robot\run.py", line 492, in run_cli
    return RobotFramework().execute_cli(arguments, exit=exit)
  File "c:\python36\lib\site-packages\robot\utils\application.py", line 46, in execute_cli
    rc = self._execute(arguments, options)
  File "c:\python36\lib\site-packages\robot\utils\application.py", line 83, in _execute
    rc = self.main(arguments, **options)
  File "c:\python36\lib\site-packages\robot\run.py", line 443, in main
    result = suite.run(settings)
  File "c:\python36\lib\site-packages\robot\running\model.py", line 259, in run
    self.visit(runner)
  File "c:\python36\lib\site-packages\robot\model\testsuite.py", line 174, in visit
    visitor.visit_suite(self)
  File "c:\python36\lib\site-packages\robot\model\visitor.py", line 88, in visit_suite
    suite.tests.visit(self)
  File "c:\python36\lib\site-packages\robot\model\itemlist.py", line 77, in visit
    item.visit(visitor)
  File "c:\python36\lib\site-packages\robot\model\testcase.py", line 78, in visit
    visitor.visit_test(self)
  File "c:\python36\lib\site-packages\robot\running\runner.py", line 134, in visit_test
    test.template).run_steps(test.keywords.normal)
  File "c:\python36\lib\site-packages\robot\running\steprunner.py", line 40, in run_steps
    self.run_step(step)
  File "c:\python36\lib\site-packages\robot\running\steprunner.py", line 61, in run_step
    return runner.run(step, context)
  File "c:\python36\lib\site-packages\robot\running\userkeywordrunner.py", line 56, in run
    return_value = self._run(context, kw.args, result)
  File "c:\python36\lib\site-packages\robot\running\userkeywordrunner.py", line 82, in _run
    exception, return_ = self._execute(context)
  File "c:\python36\lib\site-packages\robot\running\userkeywordrunner.py", line 153, in _execute
    StepRunner(context).run_steps(handler.keywords)
  File "c:\python36\lib\site-packages\robot\running\steprunner.py", line 40, in run_steps
    self.run_step(step)
  File "c:\python36\lib\site-packages\robot\running\steprunner.py", line 61, in run_step
    return runner.run(step, context)
  File "c:\python36\lib\site-packages\robot\running\librarykeywordrunner.py", line 56, in run
    return_value = self._run(context, kw.args)
  File "c:\python36\lib\site-packages\robot\running\librarykeywordrunner.py", line 79, in _run
    return self._run_with_output_captured_and_signal_monitor(runner, context)
  File "c:\python36\lib\site-packages\robot\running\librarykeywordrunner.py", line 101, in _run_with_output_captured_and_signal_monitor
    return self._run_with_signal_monitoring(runner, context)
  File "c:\python36\lib\site-packages\robot\running\librarykeywordrunner.py", line 106, in _run_with_signal_monitoring
    return runner()
  File "c:\python36\lib\site-packages\robot\running\librarykeywordrunner.py", line 94, in <lambda>
    return lambda: handler(*positional, **named)
  File "C:\Users\palak\Downloads\coe-application-security\MethodFiles\REST.py", line 142, in API_wert
    returnvalue = readexcel(Excel_Location, Excel_Sheet_Name, Module_Name)
  File "C:\Users\palak\Downloads\coe-application-security\MethodFiles\REST.py", line 102, in readexcel
    traceback.print_stack()
  File "c:\python36\lib\runpy.py", line 193, in _run_module_as_main
    "__main__", mod_spec)
  File "c:\python36\lib\runpy.py", line 85, in _run_code
    exec(code, run_globals)
  File "C:\Python36\Scripts\robot.exe\__main__.py", line 7, in <module>
    sys.exit(run_cli())
  File "c:\python36\lib\site-packages\robot\run.py", line 492, in run_cli
    return RobotFramework().execute_cli(arguments, exit=exit)
  File "c:\python36\lib\site-packages\robot\utils\application.py", line 46, in execute_cli
    rc = self._execute(arguments, options)
  File "c:\python36\lib\site-packages\robot\utils\application.py", line 83, in _execute
    rc = self.main(arguments, **options)
  File "c:\python36\lib\site-packages\robot\run.py", line 443, in main
    result = suite.run(settings)
  File "c:\python36\lib\site-packages\robot\running\model.py", line 259, in run
    self.visit(runner)
  File "c:\python36\lib\site-packages\robot\model\testsuite.py", line 174, in visit
    visitor.visit_suite(self)
  File "c:\python36\lib\site-packages\robot\model\visitor.py", line 88, in visit_suite
    suite.tests.visit(self)
  File "c:\python36\lib\site-packages\robot\model\itemlist.py", line 77, in visit
    item.visit(visitor)
  File "c:\python36\lib\site-packages\robot\model\testcase.py", line 78, in visit
    visitor.visit_test(self)
  File "c:\python36\lib\site-packages\robot\running\runner.py", line 134, in visit_test
    test.template).run_steps(test.keywords.normal)
  File "c:\python36\lib\site-packages\robot\running\steprunner.py", line 40, in run_steps
    self.run_step(step)
  File "c:\python36\lib\site-packages\robot\running\steprunner.py", line 61, in run_step
    return runner.run(step, context)
  File "c:\python36\lib\site-packages\robot\running\userkeywordrunner.py", line 56, in run
    return_value = self._run(context, kw.args, result)
  File "c:\python36\lib\site-packages\robot\running\userkeywordrunner.py", line 82, in _run
    exception, return_ = self._execute(context)
  File "c:\python36\lib\site-packages\robot\running\userkeywordrunner.py", line 153, in _execute
    StepRunner(context).run_steps(handler.keywords)
  File "c:\python36\lib\site-packages\robot\running\steprunner.py", line 40, in run_steps
    self.run_step(step)
  File "c:\python36\lib\site-packages\robot\running\steprunner.py", line 61, in run_step
    return runner.run(step, context)
  File "c:\python36\lib\site-packages\robot\running\librarykeywordrunner.py", line 56, in run
    return_value = self._run(context, kw.args)
  File "c:\python36\lib\site-packages\robot\running\librarykeywordrunner.py", line 79, in _run
    return self._run_with_output_captured_and_signal_monitor(runner, context)
  File "c:\python36\lib\site-packages\robot\running\librarykeywordrunner.py", line 101, in _run_with_output_captured_and_signal_monitor
    return self._run_with_signal_monitoring(runner, context)
  File "c:\python36\lib\site-packages\robot\running\librarykeywordrunner.py", line 106, in _run_with_signal_monitoring
    return runner()
  File "c:\python36\lib\site-packages\robot\running\librarykeywordrunner.py", line 94, in <lambda>
    return lambda: handler(*positional, **named)
  File "C:\Users\palak\Downloads\coe-application-security\MethodFiles\REST.py", line 177, in API_wert
    traceback.print_stack()
  File "c:\python36\lib\runpy.py", line 193, in _run_module_as_main
    "__main__", mod_spec)
  File "c:\python36\lib\runpy.py", line 85, in _run_code
    exec(code, run_globals)
  File "C:\Python36\Scripts\robot.exe\__main__.py", line 7, in <module>
    sys.exit(run_cli())
  File "c:\python36\lib\site-packages\robot\run.py", line 492, in run_cli
    return RobotFramework().execute_cli(arguments, exit=exit)
  File "c:\python36\lib\site-packages\robot\utils\application.py", line 46, in execute_cli
    rc = self._execute(arguments, options)
  File "c:\python36\lib\site-packages\robot\utils\application.py", line 83, in _execute
    rc = self.main(arguments, **options)
  File "c:\python36\lib\site-packages\robot\run.py", line 443, in main
    result = suite.run(settings)
  File "c:\python36\lib\site-packages\robot\running\model.py", line 259, in run
    self.visit(runner)
  File "c:\python36\lib\site-packages\robot\model\testsuite.py", line 174, in visit
    visitor.visit_suite(self)
  File "c:\python36\lib\site-packages\robot\model\visitor.py", line 88, in visit_suite
    suite.tests.visit(self)
  File "c:\python36\lib\site-packages\robot\model\itemlist.py", line 77, in visit
    item.visit(visitor)
  File "c:\python36\lib\site-packages\robot\model\testcase.py", line 78, in visit
    visitor.visit_test(self)
  File "c:\python36\lib\site-packages\robot\running\runner.py", line 134, in visit_test
    test.template).run_steps(test.keywords.normal)
  File "c:\python36\lib\site-packages\robot\running\steprunner.py", line 40, in run_steps
    self.run_step(step)
  File "c:\python36\lib\site-packages\robot\running\steprunner.py", line 61, in run_step
    return runner.run(step, context)
  File "c:\python36\lib\site-packages\robot\running\userkeywordrunner.py", line 56, in run
    return_value = self._run(context, kw.args, result)
  File "c:\python36\lib\site-packages\robot\running\userkeywordrunner.py", line 82, in _run
    exception, return_ = self._execute(context)
  File "c:\python36\lib\site-packages\robot\running\userkeywordrunner.py", line 153, in _execute
    StepRunner(context).run_steps(handler.keywords)
  File "c:\python36\lib\site-packages\robot\running\steprunner.py", line 40, in run_steps
    self.run_step(step)
  File "c:\python36\lib\site-packages\robot\running\steprunner.py", line 61, in run_step
    return runner.run(step, context)
  File "c:\python36\lib\site-packages\robot\running\librarykeywordrunner.py", line 56, in run
    return_value = self._run(context, kw.args)
  File "c:\python36\lib\site-packages\robot\running\librarykeywordrunner.py", line 79, in _run
    return self._run_with_output_captured_and_signal_monitor(runner, context)
  File "c:\python36\lib\site-packages\robot\running\librarykeywordrunner.py", line 101, in _run_with_output_captured_and_signal_monitor
    return self._run_with_signal_monitoring(runner, context)
  File "c:\python36\lib\site-packages\robot\running\librarykeywordrunner.py", line 106, in _run_with_signal_monitoring
    return runner()
  File "c:\python36\lib\site-packages\robot\running\librarykeywordrunner.py", line 94, in <lambda>
    return lambda: handler(*positional, **named)
  File "C:\Users\palak\Downloads\coe-application-security\MethodFiles\REST.py", line 183, in API_wert
    traceback.print_stack()
  File "c:\python36\lib\runpy.py", line 193, in _run_module_as_main
    "__main__", mod_spec)
  File "c:\python36\lib\runpy.py", line 85, in _run_code
    exec(code, run_globals)
  File "C:\Python36\Scripts\robot.exe\__main__.py", line 7, in <module>
    sys.exit(run_cli())
  File "c:\python36\lib\site-packages\robot\run.py", line 492, in run_cli
    return RobotFramework().execute_cli(arguments, exit=exit)
  File "c:\python36\lib\site-packages\robot\utils\application.py", line 46, in execute_cli
    rc = self._execute(arguments, options)
  File "c:\python36\lib\site-packages\robot\utils\application.py", line 83, in _execute
    rc = self.main(arguments, **options)
  File "c:\python36\lib\site-packages\robot\run.py", line 443, in main
    result = suite.run(settings)
  File "c:\python36\lib\site-packages\robot\running\model.py", line 259, in run
    self.visit(runner)
  File "c:\python36\lib\site-packages\robot\model\testsuite.py", line 174, in visit
    visitor.visit_suite(self)
  File "c:\python36\lib\site-packages\robot\model\visitor.py", line 88, in visit_suite
    suite.tests.visit(self)
  File "c:\python36\lib\site-packages\robot\model\itemlist.py", line 77, in visit
    item.visit(visitor)
  File "c:\python36\lib\site-packages\robot\model\testcase.py", line 78, in visit
    visitor.visit_test(self)
  File "c:\python36\lib\site-packages\robot\running\runner.py", line 134, in visit_test
    test.template).run_steps(test.keywords.normal)
  File "c:\python36\lib\site-packages\robot\running\steprunner.py", line 40, in run_steps
    self.run_step(step)
  File "c:\python36\lib\site-packages\robot\running\steprunner.py", line 61, in run_step
    return runner.run(step, context)
  File "c:\python36\lib\site-packages\robot\running\userkeywordrunner.py", line 56, in run
    return_value = self._run(context, kw.args, result)
  File "c:\python36\lib\site-packages\robot\running\userkeywordrunner.py", line 82, in _run
    exception, return_ = self._execute(context)
  File "c:\python36\lib\site-packages\robot\running\userkeywordrunner.py", line 153, in _execute
    StepRunner(context).run_steps(handler.keywords)
  File "c:\python36\lib\site-packages\robot\running\steprunner.py", line 40, in run_steps
    self.run_step(step)
  File "c:\python36\lib\site-packages\robot\running\steprunner.py", line 61, in run_step
    return runner.run(step, context)
  File "c:\python36\lib\site-packages\robot\running\librarykeywordrunner.py", line 56, in run
    return_value = self._run(context, kw.args)
  File "c:\python36\lib\site-packages\robot\running\librarykeywordrunner.py", line 79, in _run
    return self._run_with_output_captured_and_signal_monitor(runner, context)
  File "c:\python36\lib\site-packages\robot\running\librarykeywordrunner.py", line 101, in _run_with_output_captured_and_signal_monitor
    return self._run_with_signal_monitoring(runner, context)
  File "c:\python36\lib\site-packages\robot\running\librarykeywordrunner.py", line 106, in _run_with_signal_monitoring
    return runner()
  File "c:\python36\lib\site-packages\robot\running\librarykeywordrunner.py", line 94, in <lambda>
    return lambda: handler(*positional, **named)
  File "C:\Users\palak\Downloads\coe-application-security\MethodFiles\REST.py", line 189, in API_wert
    traceback.print_stack()
  File "c:\python36\lib\runpy.py", line 193, in _run_module_as_main
    "__main__", mod_spec)
  File "c:\python36\lib\runpy.py", line 85, in _run_code
    exec(code, run_globals)
  File "C:\Python36\Scripts\robot.exe\__main__.py", line 7, in <module>
    sys.exit(run_cli())
  File "c:\python36\lib\site-packages\robot\run.py", line 492, in run_cli
    return RobotFramework().execute_cli(arguments, exit=exit)
  File "c:\python36\lib\site-packages\robot\utils\application.py", line 46, in execute_cli
    rc = self._execute(arguments, options)
  File "c:\python36\lib\site-packages\robot\utils\application.py", line 83, in _execute
    rc = self.main(arguments, **options)
  File "c:\python36\lib\site-packages\robot\run.py", line 443, in main
    result = suite.run(settings)
  File "c:\python36\lib\site-packages\robot\running\model.py", line 259, in run
    self.visit(runner)
  File "c:\python36\lib\site-packages\robot\model\testsuite.py", line 174, in visit
    visitor.visit_suite(self)
  File "c:\python36\lib\site-packages\robot\model\visitor.py", line 88, in visit_suite
    suite.tests.visit(self)
  File "c:\python36\lib\site-packages\robot\model\itemlist.py", line 77, in visit
    item.visit(visitor)
  File "c:\python36\lib\site-packages\robot\model\testcase.py", line 78, in visit
    visitor.visit_test(self)
  File "c:\python36\lib\site-packages\robot\running\runner.py", line 134, in visit_test
    test.template).run_steps(test.keywords.normal)
  File "c:\python36\lib\site-packages\robot\running\steprunner.py", line 40, in run_steps
    self.run_step(step)
  File "c:\python36\lib\site-packages\robot\running\steprunner.py", line 61, in run_step
    return runner.run(step, context)
  File "c:\python36\lib\site-packages\robot\running\userkeywordrunner.py", line 56, in run
    return_value = self._run(context, kw.args, result)
  File "c:\python36\lib\site-packages\robot\running\userkeywordrunner.py", line 82, in _run
    exception, return_ = self._execute(context)
  File "c:\python36\lib\site-packages\robot\running\userkeywordrunner.py", line 153, in _execute
    StepRunner(context).run_steps(handler.keywords)
  File "c:\python36\lib\site-packages\robot\running\steprunner.py", line 40, in run_steps
    self.run_step(step)
  File "c:\python36\lib\site-packages\robot\running\steprunner.py", line 61, in run_step
    return runner.run(step, context)
  File "c:\python36\lib\site-packages\robot\running\librarykeywordrunner.py", line 56, in run
    return_value = self._run(context, kw.args)
  File "c:\python36\lib\site-packages\robot\running\librarykeywordrunner.py", line 79, in _run
    return self._run_with_output_captured_and_signal_monitor(runner, context)
  File "c:\python36\lib\site-packages\robot\running\librarykeywordrunner.py", line 101, in _run_with_output_captured_and_signal_monitor
    return self._run_with_signal_monitoring(runner, context)
  File "c:\python36\lib\site-packages\robot\running\librarykeywordrunner.py", line 106, in _run_with_signal_monitoring
    return runner()
  File "c:\python36\lib\site-packages\robot\running\librarykeywordrunner.py", line 94, in <lambda>
    return lambda: handler(*positional, **named)
  File "C:\Users\palak\Downloads\coe-application-security\MethodFiles\REST.py", line 214, in API_wert
    traceback.print_stack()
  File "c:\python36\lib\runpy.py", line 193, in _run_module_as_main
    "__main__", mod_spec)
  File "c:\python36\lib\runpy.py", line 85, in _run_code
    exec(code, run_globals)
  File "C:\Python36\Scripts\robot.exe\__main__.py", line 7, in <module>
    sys.exit(run_cli())
  File "c:\python36\lib\site-packages\robot\run.py", line 492, in run_cli
    return RobotFramework().execute_cli(arguments, exit=exit)
  File "c:\python36\lib\site-packages\robot\utils\application.py", line 46, in execute_cli
    rc = self._execute(arguments, options)
  File "c:\python36\lib\site-packages\robot\utils\application.py", line 83, in _execute
    rc = self.main(arguments, **options)
  File "c:\python36\lib\site-packages\robot\run.py", line 443, in main
    result = suite.run(settings)
  File "c:\python36\lib\site-packages\robot\running\model.py", line 259, in run
    self.visit(runner)
  File "c:\python36\lib\site-packages\robot\model\testsuite.py", line 174, in visit
    visitor.visit_suite(self)
  File "c:\python36\lib\site-packages\robot\model\visitor.py", line 88, in visit_suite
    suite.tests.visit(self)
  File "c:\python36\lib\site-packages\robot\model\itemlist.py", line 77, in visit
    item.visit(visitor)
  File "c:\python36\lib\site-packages\robot\model\testcase.py", line 78, in visit
    visitor.visit_test(self)
  File "c:\python36\lib\site-packages\robot\running\runner.py", line 134, in visit_test
    test.template).run_steps(test.keywords.normal)
  File "c:\python36\lib\site-packages\robot\running\steprunner.py", line 40, in run_steps
    self.run_step(step)
  File "c:\python36\lib\site-packages\robot\running\steprunner.py", line 61, in run_step
    return runner.run(step, context)
  File "c:\python36\lib\site-packages\robot\running\userkeywordrunner.py", line 56, in run
    return_value = self._run(context, kw.args, result)
  File "c:\python36\lib\site-packages\robot\running\userkeywordrunner.py", line 82, in _run
    exception, return_ = self._execute(context)
  File "c:\python36\lib\site-packages\robot\running\userkeywordrunner.py", line 153, in _execute
    StepRunner(context).run_steps(handler.keywords)
  File "c:\python36\lib\site-packages\robot\running\steprunner.py", line 40, in run_steps
    self.run_step(step)
  File "c:\python36\lib\site-packages\robot\running\steprunner.py", line 61, in run_step
    return runner.run(step, context)
  File "c:\python36\lib\site-packages\robot\running\librarykeywordrunner.py", line 56, in run
    return_value = self._run(context, kw.args)
  File "c:\python36\lib\site-packages\robot\running\librarykeywordrunner.py", line 79, in _run
    return self._run_with_output_captured_and_signal_monitor(runner, context)
  File "c:\python36\lib\site-packages\robot\running\librarykeywordrunner.py", line 101, in _run_with_output_captured_and_signal_monitor
    return self._run_with_signal_monitoring(runner, context)
  File "c:\python36\lib\site-packages\robot\running\librarykeywordrunner.py", line 106, in _run_with_signal_monitoring
    return runner()
  File "c:\python36\lib\site-packages\robot\running\librarykeywordrunner.py", line 94, in <lambda>
    return lambda: handler(*positional, **named)
  File "C:\Users\palak\Downloads\coe-application-security\MethodFiles\REST.py", line 228, in API_wert
    traceback.print_stack()
  File "c:\python36\lib\runpy.py", line 193, in _run_module_as_main
    "__main__", mod_spec)
  File "c:\python36\lib\runpy.py", line 85, in _run_code
    exec(code, run_globals)
  File "C:\Python36\Scripts\robot.exe\__main__.py", line 7, in <module>
    sys.exit(run_cli())
  File "c:\python36\lib\site-packages\robot\run.py", line 492, in run_cli
    return RobotFramework().execute_cli(arguments, exit=exit)
  File "c:\python36\lib\site-packages\robot\utils\application.py", line 46, in execute_cli
    rc = self._execute(arguments, options)
  File "c:\python36\lib\site-packages\robot\utils\application.py", line 83, in _execute
    rc = self.main(arguments, **options)
  File "c:\python36\lib\site-packages\robot\run.py", line 443, in main
    result = suite.run(settings)
  File "c:\python36\lib\site-packages\robot\running\model.py", line 259, in run
    self.visit(runner)
  File "c:\python36\lib\site-packages\robot\model\testsuite.py", line 174, in visit
    visitor.visit_suite(self)
  File "c:\python36\lib\site-packages\robot\model\visitor.py", line 88, in visit_suite
    suite.tests.visit(self)
  File "c:\python36\lib\site-packages\robot\model\itemlist.py", line 77, in visit
    item.visit(visitor)
  File "c:\python36\lib\site-packages\robot\model\testcase.py", line 78, in visit
    visitor.visit_test(self)
  File "c:\python36\lib\site-packages\robot\running\runner.py", line 134, in visit_test
    test.template).run_steps(test.keywords.normal)
  File "c:\python36\lib\site-packages\robot\running\steprunner.py", line 40, in run_steps
    self.run_step(step)
  File "c:\python36\lib\site-packages\robot\running\steprunner.py", line 61, in run_step
    return runner.run(step, context)
  File "c:\python36\lib\site-packages\robot\running\userkeywordrunner.py", line 56, in run
    return_value = self._run(context, kw.args, result)
  File "c:\python36\lib\site-packages\robot\running\userkeywordrunner.py", line 82, in _run
    exception, return_ = self._execute(context)
  File "c:\python36\lib\site-packages\robot\running\userkeywordrunner.py", line 153, in _execute
    StepRunner(context).run_steps(handler.keywords)
  File "c:\python36\lib\site-packages\robot\running\steprunner.py", line 40, in run_steps
    self.run_step(step)
  File "c:\python36\lib\site-packages\robot\running\steprunner.py", line 61, in run_step
    return runner.run(step, context)
  File "c:\python36\lib\site-packages\robot\running\librarykeywordrunner.py", line 56, in run
    return_value = self._run(context, kw.args)
  File "c:\python36\lib\site-packages\robot\running\librarykeywordrunner.py", line 79, in _run
    return self._run_with_output_captured_and_signal_monitor(runner, context)
  File "c:\python36\lib\site-packages\robot\running\librarykeywordrunner.py", line 101, in _run_with_output_captured_and_signal_monitor
    return self._run_with_signal_monitoring(runner, context)
  File "c:\python36\lib\site-packages\robot\running\librarykeywordrunner.py", line 106, in _run_with_signal_monitoring
    return runner()
  File "c:\python36\lib\site-packages\robot\running\librarykeywordrunner.py", line 94, in <lambda>
    return lambda: handler(*positional, **named)
  File "C:\Users\palak\Downloads\coe-application-security\MethodFiles\REST.py", line 241, in API_wert
    traceback.print_stack()
  File "c:\python36\lib\runpy.py", line 193, in _run_module_as_main
    "__main__", mod_spec)
  File "c:\python36\lib\runpy.py", line 85, in _run_code
    exec(code, run_globals)
  File "C:\Python36\Scripts\robot.exe\__main__.py", line 7, in <module>
    sys.exit(run_cli())
  File "c:\python36\lib\site-packages\robot\run.py", line 492, in run_cli
    return RobotFramework().execute_cli(arguments, exit=exit)
  File "c:\python36\lib\site-packages\robot\utils\application.py", line 46, in execute_cli
    rc = self._execute(arguments, options)
  File "c:\python36\lib\site-packages\robot\utils\application.py", line 83, in _execute
    rc = self.main(arguments, **options)
  File "c:\python36\lib\site-packages\robot\run.py", line 443, in main
    result = suite.run(settings)
  File "c:\python36\lib\site-packages\robot\running\model.py", line 259, in run
    self.visit(runner)
  File "c:\python36\lib\site-packages\robot\model\testsuite.py", line 174, in visit
    visitor.visit_suite(self)
  File "c:\python36\lib\site-packages\robot\model\visitor.py", line 88, in visit_suite
    suite.tests.visit(self)
  File "c:\python36\lib\site-packages\robot\model\itemlist.py", line 77, in visit
    item.visit(visitor)
  File "c:\python36\lib\site-packages\robot\model\testcase.py", line 78, in visit
    visitor.visit_test(self)
  File "c:\python36\lib\site-packages\robot\running\runner.py", line 134, in visit_test
    test.template).run_steps(test.keywords.normal)
  File "c:\python36\lib\site-packages\robot\running\steprunner.py", line 40, in run_steps
    self.run_step(step)
  File "c:\python36\lib\site-packages\robot\running\steprunner.py", line 61, in run_step
    return runner.run(step, context)
  File "c:\python36\lib\site-packages\robot\running\userkeywordrunner.py", line 56, in run
    return_value = self._run(context, kw.args, result)
  File "c:\python36\lib\site-packages\robot\running\userkeywordrunner.py", line 82, in _run
    exception, return_ = self._execute(context)
  File "c:\python36\lib\site-packages\robot\running\userkeywordrunner.py", line 153, in _execute
    StepRunner(context).run_steps(handler.keywords)
  File "c:\python36\lib\site-packages\robot\running\steprunner.py", line 40, in run_steps
    self.run_step(step)
  File "c:\python36\lib\site-packages\robot\running\steprunner.py", line 61, in run_step
    return runner.run(step, context)
  File "c:\python36\lib\site-packages\robot\running\librarykeywordrunner.py", line 56, in run
    return_value = self._run(context, kw.args)
  File "c:\python36\lib\site-packages\robot\running\librarykeywordrunner.py", line 79, in _run
    return self._run_with_output_captured_and_signal_monitor(runner, context)
  File "c:\python36\lib\site-packages\robot\running\librarykeywordrunner.py", line 101, in _run_with_output_captured_and_signal_monitor
    return self._run_with_signal_monitoring(runner, context)
  File "c:\python36\lib\site-packages\robot\running\librarykeywordrunner.py", line 106, in _run_with_signal_monitoring
    return runner()
  File "c:\python36\lib\site-packages\robot\running\librarykeywordrunner.py", line 94, in <lambda>
    return lambda: handler(*positional, **named)
  File "C:\Users\palak\Downloads\coe-application-security\MethodFiles\REST.py", line 268, in API_wert
    traceback.print_stack()
